HTTP Error 404: {"quoteSummary":{"result":null,"error":{"code":"Not Found","description":"Quote not found for symbol: KOZAL.IS"}}}
$KOZAL.IS: possibly delisted; no price data found  (period=2y) (Yahoo error = "No data found, symbol may be delisted")

1 Failed download:
['KOZAL.IS']: possibly delisted; no price data found  (period=2y) (Yahoo error = "No data found, symbol may be delisted")
HTTP Error 404: {"quoteSummary":{"result":null,"error":{"code":"Not Found","description":"Quote not found for symbol: KOZAA.IS"}}}
$KOZAA.IS: possibly delisted; no price data found  (period=2y) (Yahoo error = "No data found, symbol may be delisted")

1 Failed download:
['KOZAA.IS']: possibly delisted; no price data found  (period=2y) (Yahoo error = "No data found, symbol may be delisted")
$KOZAL.IS: possibly delisted; no price data found  (period=6mo) (Yahoo error = "No data found, symbol may be delisted")

1 Failed download:
['KOZAL.IS']: possibly delisted; no price data found  (period=6mo) (Yahoo error = "No data found, symbol may be delisted")
$KOZAA.IS: possibly delisted; no price data found  (period=6mo) (Yahoo error = "No data found, symbol may be delisted")

1 Failed download:
['KOZAA.IS']: possibly delisted; no price data found  (period=6mo) (Yahoo error = "No data found, symbol may be delisted")
$KOZAL.IS: possibly delisted; no price data found  (period=3mo) (Yahoo error = "No data found, symbol may be delisted")

1 Failed download:
['KOZAL.IS']: possibly delisted; no price data found  (period=3mo) (Yahoo error = "No data found, symbol may be delisted")
$KOZAA.IS: possibly delisted; no price data found  (period=3mo) (Yahoo error = "No data found, symbol may be delisted")

1 Failed download:
['KOZAA.IS']: possibly delisted; no price data found  (period=3mo) (Yahoo error = "No data found, symbol may be delisted")
